<?xml version="1.0" encoding="UTF-8"?>
<!-- Generated by org.testng.reporters.JUnitReportReporter -->
<testsuite hostname="GLK-ThinkPad" failures="0" tests="1" name="amazon1.Project_1.Testcase1_Newuser_successfully_register" time="7.536" errors="0" timestamp="2025-01-30T16:36:48 CET" skipped="0">
  <testcase classname="amazon1.Project_1.Testcase1_Newuser_successfully_register" name="NewUser_registration" time="7.536"/>
  <system-out/>
</testsuite> <!-- amazon1.Project_1.Testcase1_Newuser_successfully_register -->
