<?xml version="1.0" encoding="UTF-8"?>
<!-- Generated by org.testng.reporters.JUnitReportReporter -->
<testsuite hostname="GLK-ThinkPad" failures="0" tests="1" name="amazon1.Project_1.Testcase14_Goto_Orderpage_give_fivestarrating_onlastorder" time="9.807" errors="0" timestamp="2025-02-03T22:55:37 CET" skipped="0">
  <testcase classname="amazon1.Project_1.Testcase14_Goto_Orderpage_give_fivestarrating_onlastorder" name="give_ratings_on_previous_orders" time="9.807"/>
  <system-out/>
</testsuite> <!-- amazon1.Project_1.Testcase14_Goto_Orderpage_give_fivestarrating_onlastorder -->
