<?xml version="1.0" encoding="UTF-8"?>
<!-- Generated by org.testng.reporters.JUnitReportReporter -->
<testsuite hostname="GLK-ThinkPad" failures="0" tests="4" name="amazon1.Project_1.Testcase11_ValidateEntireCheckout_Address_Payment_order_review" time="94.852" errors="0" timestamp="2025-01-31T09:12:51 CET" skipped="2">
  <testcase classname="amazon1.Project_1.Testcase11_ValidateEntireCheckout_Address_Payment_order_review" name="checkout_process" time="12.959">
    <skipped/>
  </testcase> <!-- checkout_process -->
  <system-out/>
  <testcase classname="amazon1.Project_1.Testcase11_ValidateEntireCheckout_Address_Payment_order_review" name="checkout_process" time="14.736">
    <skipped/>
  </testcase> <!-- checkout_process -->
  <system-out/>
  <testcase classname="amazon1.Project_1.Testcase11_ValidateEntireCheckout_Address_Payment_order_review" name="checkout_process" time="42.501"/>
  <system-out>
    <![CDATA[Testcase passed]]>
  </system-out>
  <testcase classname="amazon1.Project_1.Testcase11_ValidateEntireCheckout_Address_Payment_order_review" name="checkout_process" time="24.656"/>
  <system-out>
    <![CDATA[Testcase passed]]>
  </system-out>
</testsuite> <!-- amazon1.Project_1.Testcase11_ValidateEntireCheckout_Address_Payment_order_review -->
