<?xml version="1.0" encoding="UTF-8"?>
<!-- Generated by org.testng.reporters.JUnitReportReporter -->
<testsuite hostname="GLK-ThinkPad" failures="0" tests="1" name="amazon1.Project_1.Testcase12_CheckIfUser_SelectPaymentMethod" time="26.350" errors="0" timestamp="2025-01-30T16:41:12 CET" skipped="0">
  <testcase classname="amazon1.Project_1.Testcase12_CheckIfUser_SelectPaymentMethod" name="checkout_process" time="26.350"/>
  <system-out/>
</testsuite> <!-- amazon1.Project_1.Testcase12_CheckIfUser_SelectPaymentMethod -->
