<?xml version="1.0" encoding="UTF-8"?>
<!-- Generated by org.testng.reporters.JUnitReportReporter -->
<testsuite hostname="GLK-ThinkPad" failures="0" tests="1" name="amazon1.Project_1.Testcase2_Login_verify_correctUn_Pwd" time="7.575" errors="0" timestamp="2025-01-30T16:58:48 CET" skipped="0">
  <testcase classname="amazon1.Project_1.Testcase2_Login_verify_correctUn_Pwd" name="Login_verify" time="7.575"/>
  <system-out/>
</testsuite> <!-- amazon1.Project_1.Testcase2_Login_verify_correctUn_Pwd -->
