<?xml version="1.0" encoding="UTF-8"?>
<!-- Generated by org.testng.reporters.JUnitReportReporter -->
<testsuite hostname="GLK-ThinkPad" failures="0" tests="3" name="amazon1.Project_1.Testcase10_UpdateItemsQuantities_remove_item_from_cart" time="108.718" errors="0" timestamp="2025-01-31T09:12:51 CET" skipped="1">
  <testcase classname="amazon1.Project_1.Testcase10_UpdateItemsQuantities_remove_item_from_cart" name="updateaddedItemsQuantity_remove_from_cart" time="2.503">
    <skipped/>
  </testcase> <!-- updateaddedItemsQuantity_remove_from_cart -->
  <system-out/>
  <testcase classname="amazon1.Project_1.Testcase10_UpdateItemsQuantities_remove_item_from_cart" name="updateaddedItemsQuantity_remove_from_cart" time="53.155"/>
  <system-out>
    <![CDATA[Testcase passed]]>
  </system-out>
  <testcase classname="amazon1.Project_1.Testcase10_UpdateItemsQuantities_remove_item_from_cart" name="updateaddedItemsQuantity_remove_from_cart" time="53.060"/>
  <system-out>
    <![CDATA[Testcase passed]]>
  </system-out>
</testsuite> <!-- amazon1.Project_1.Testcase10_UpdateItemsQuantities_remove_item_from_cart -->
