<?xml version="1.0" encoding="UTF-8"?>
<!-- Generated by org.testng.reporters.JUnitReportReporter -->
<testsuite hostname="GLK-ThinkPad" failures="0" tests="3" name="amazon1.Project_1.Testcase6_Verify_search_using_filters" time="60.353" errors="0" timestamp="2025-01-31T09:12:51 CET" skipped="1">
  <testcase classname="amazon1.Project_1.Testcase6_Verify_search_using_filters" name="search_product_apply_filters" time="14.344"/>
  <system-out>
    <![CDATA[Testcase passed]]>
  </system-out>
  <testcase classname="amazon1.Project_1.Testcase6_Verify_search_using_filters" name="search_product_apply_filters" time="32.027">
    <skipped/>
  </testcase> <!-- search_product_apply_filters -->
  <system-out/>
  <testcase classname="amazon1.Project_1.Testcase6_Verify_search_using_filters" name="search_product_apply_filters" time="13.982"/>
  <system-out>
    <![CDATA[Testcase passed]]>
  </system-out>
</testsuite> <!-- amazon1.Project_1.Testcase6_Verify_search_using_filters -->
