<?xml version="1.0" encoding="UTF-8"?>
<!-- Generated by org.testng.reporters.JUnitReportReporter -->
<testsuite hostname="GLK-ThinkPad" failures="0" tests="2" name="amazon1.Project_1.Testcase2_Login_verify_correctUn_Pwd" time="13.393" errors="0" timestamp="2025-01-31T09:12:51 CET" skipped="0">
  <testcase classname="amazon1.Project_1.Testcase2_Login_verify_correctUn_Pwd" name="Login_verify" time="5.219"/>
  <system-out>
    <![CDATA[Testcase passed]]>
  </system-out>
  <testcase classname="amazon1.Project_1.Testcase2_Login_verify_correctUn_Pwd" name="Login_verify" time="8.174"/>
  <system-out>
    <![CDATA[Testcase passed]]>
  </system-out>
</testsuite> <!-- amazon1.Project_1.Testcase2_Login_verify_correctUn_Pwd -->
