<?xml version="1.0" encoding="UTF-8"?>
<!-- Generated by org.testng.reporters.JUnitReportReporter -->
<testsuite hostname="GLK-ThinkPad" failures="0" tests="1" name="amazon1.Project_1.Testcase6_Verify_search_using_filters" time="19.213" errors="0" timestamp="2025-01-30T20:57:53 CET" skipped="0">
  <testcase classname="amazon1.Project_1.Testcase6_Verify_search_using_filters" name="search_product_apply_filters" time="19.213"/>
  <system-out/>
</testsuite> <!-- amazon1.Project_1.Testcase6_Verify_search_using_filters -->
