<?xml version="1.0" encoding="UTF-8"?>
<!-- Generated by org.testng.reporters.JUnitReportReporter -->
<testsuite hostname="GLK-ThinkPad" failures="0" tests="1" name="amazon1.Project_1.Testcase9_Verify_items_addToshoppingcart_from_productpage" time="16.077" errors="0" timestamp="2025-02-03T22:55:37 CET" skipped="0">
  <testcase classname="amazon1.Project_1.Testcase9_Verify_items_addToshoppingcart_from_productpage" name="Verify_item_addtoshoppingcart" time="16.077"/>
  <system-out/>
</testsuite> <!-- amazon1.Project_1.Testcase9_Verify_items_addToshoppingcart_from_productpage -->
