<?xml version="1.0" encoding="UTF-8"?>
<!-- Generated by org.testng.reporters.JUnitReportReporter -->
<testsuite hostname="GLK-ThinkPad" failures="0" tests="2" name="amazon1.Project_1.Testcase12_CheckIfUser_SelectPaymentMethod" time="59.866" errors="0" timestamp="2025-01-31T09:12:51 CET" skipped="0">
  <testcase classname="amazon1.Project_1.Testcase12_CheckIfUser_SelectPaymentMethod" name="checkout_process" time="34.139"/>
  <system-out>
    <![CDATA[Testcase passed]]>
  </system-out>
  <testcase classname="amazon1.Project_1.Testcase12_CheckIfUser_SelectPaymentMethod" name="checkout_process" time="25.727"/>
  <system-out>
    <![CDATA[Testcase passed]]>
  </system-out>
</testsuite> <!-- amazon1.Project_1.Testcase12_CheckIfUser_SelectPaymentMethod -->
