<?xml version="1.0" encoding="UTF-8"?>
<!-- Generated by org.testng.reporters.JUnitReportReporter -->
<testsuite hostname="GLK-ThinkPad" failures="0" tests="1" name="amazon1.Project_1.Testcase8_Check_Productsort_Relevance_price_rating" time="14.009" errors="0" timestamp="2025-01-30T17:20:09 CET" skipped="0">
  <testcase classname="amazon1.Project_1.Testcase8_Check_Productsort_Relevance_price_rating" name="Check_productsort" time="14.009"/>
  <system-out/>
</testsuite> <!-- amazon1.Project_1.Testcase8_Check_Productsort_Relevance_price_rating -->
