<?xml version="1.0" encoding="UTF-8"?>
<!-- Generated by org.testng.reporters.JUnitReportReporter -->
<testsuite hostname="GLK-ThinkPad" failures="0" tests="3" name="amazon1.Project_1.Testcase4_User_Successfully_edit_profile_info" time="50.006" errors="0" timestamp="2025-01-31T09:12:51 CET" skipped="1">
  <testcase classname="amazon1.Project_1.Testcase4_User_Successfully_edit_profile_info" name="user_can_edit_profile_info" time="11.669"/>
  <system-out>
    <![CDATA[Testcase passed]]>
  </system-out>
  <testcase classname="amazon1.Project_1.Testcase4_User_Successfully_edit_profile_info" name="user_can_edit_profile_info" time="8.114"/>
  <system-out>
    <![CDATA[Testcase passed]]>
  </system-out>
  <testcase classname="amazon1.Project_1.Testcase4_User_Successfully_edit_profile_info" name="user_can_edit_profile_info" time="30.223">
    <skipped/>
  </testcase> <!-- user_can_edit_profile_info -->
  <system-out/>
</testsuite> <!-- amazon1.Project_1.Testcase4_User_Successfully_edit_profile_info -->
