<?xml version="1.0" encoding="UTF-8"?>
<!-- Generated by org.testng.reporters.JUnitReportReporter -->
<testsuite hostname="GLK-ThinkPad" failures="0" tests="2" name="amazon1.Project_1.Testcase7_ensure_productdetailspage_displays_all_info" time="35.373" errors="0" timestamp="2025-01-31T09:12:51 CET" skipped="0">
  <testcase classname="amazon1.Project_1.Testcase7_ensure_productdetailspage_displays_all_info" name="ensure_productdetails_display" time="20.812"/>
  <system-out>
    <![CDATA[Testcase passed]]>
  </system-out>
  <testcase classname="amazon1.Project_1.Testcase7_ensure_productdetailspage_displays_all_info" name="ensure_productdetails_display" time="14.561"/>
  <system-out>
    <![CDATA[Testcase passed]]>
  </system-out>
</testsuite> <!-- amazon1.Project_1.Testcase7_ensure_productdetailspage_displays_all_info -->
