<?xml version="1.0" encoding="UTF-8"?>
<!-- Generated by org.testng.reporters.JUnitReportReporter -->
<testsuite hostname="GLK-ThinkPad" failures="0" tests="1" name="amazon1.Project_1.Testcase5_searchProduct_likeshoe" time="14.260" errors="0" timestamp="2025-01-30T20:46:23 CET" skipped="0">
  <testcase classname="amazon1.Project_1.Testcase5_searchProduct_likeshoe" name="signin_search_shoes" time="14.260"/>
  <system-out/>
</testsuite> <!-- amazon1.Project_1.Testcase5_searchProduct_likeshoe -->
