<?xml version="1.0" encoding="UTF-8"?>
<!-- Generated by org.testng.reporters.JUnitReportReporter -->
<testsuite hostname="GLK-ThinkPad" failures="0" tests="1" name="amazon1.Project_1.Testcase15_Reach_till_cartpage_withoutlogin" time="12.332" errors="0" timestamp="2025-01-30T16:57:59 CET" skipped="0">
  <testcase classname="amazon1.Project_1.Testcase15_Reach_till_cartpage_withoutlogin" name="Reach_till_cart_withoutLogin" time="12.332"/>
  <system-out/>
</testsuite> <!-- amazon1.Project_1.Testcase15_Reach_till_cartpage_withoutlogin -->
