<?xml version="1.0" encoding="UTF-8"?>
<!-- Generated by org.testng.reporters.JUnitReportReporter -->
<testsuite hostname="GLK-ThinkPad" failures="0" tests="1" name="amazon1.Project_1.Testcase10_UpdateItemsQuantities_remove_item_from_cart" time="55.796" errors="0" timestamp="2025-01-30T16:38:17 CET" skipped="0">
  <testcase classname="amazon1.Project_1.Testcase10_UpdateItemsQuantities_remove_item_from_cart" name="updateaddedItemsQuantity_remove_from_cart" time="55.796"/>
  <system-out/>
</testsuite> <!-- amazon1.Project_1.Testcase10_UpdateItemsQuantities_remove_item_from_cart -->
