<?xml version="1.0" encoding="UTF-8"?>
<!-- Generated by org.testng.reporters.JUnitReportReporter -->
<testsuite hostname="GLK-ThinkPad" failures="0" tests="2" name="amazon1.Project_1.Testcase8_Check_Productsort_Relevance_price_rating" time="56.230" errors="0" timestamp="2025-02-03T22:55:37 CET" skipped="1">
  <testcase classname="amazon1.Project_1.Testcase8_Check_Productsort_Relevance_price_rating" name="Check_productsort" time="46.667">
    <skipped/>
  </testcase> <!-- Check_productsort -->
  <system-out/>
  <testcase classname="amazon1.Project_1.Testcase8_Check_Productsort_Relevance_price_rating" name="Check_productsort" time="9.563"/>
  <system-out/>
</testsuite> <!-- amazon1.Project_1.Testcase8_Check_Productsort_Relevance_price_rating -->
