<?xml version="1.0" encoding="UTF-8"?>
<!-- Generated by org.testng.reporters.JUnitReportReporter -->
<testsuite hostname="GLK-ThinkPad" failures="0" tests="1" name="amazon1.Project_1.Testcase7_ensure_productdetailspage_displays_all_info" time="18.338" errors="0" timestamp="2025-01-30T20:58:32 CET" skipped="0">
  <testcase classname="amazon1.Project_1.Testcase7_ensure_productdetailspage_displays_all_info" name="ensure_productdetails_display" time="18.338"/>
  <system-out>
    <![CDATA[Testcase passed]]>
  </system-out>
</testsuite> <!-- amazon1.Project_1.Testcase7_ensure_productdetailspage_displays_all_info -->
