<?xml version="1.0" encoding="UTF-8"?>
<!-- Generated by org.testng.reporters.JUnitReportReporter -->
<testsuite hostname="GLK-ThinkPad" failures="0" tests="2" name="amazon1.Project_1.Testcase2_Login_verify_correctUn_Pwd" time="28.521" errors="0" timestamp="2025-01-30T15:50:27 CET" skipped="0">
  <testcase classname="amazon1.Project_1.Testcase2_Login_verify_correctUn_Pwd" name="Login_verify" time="16.176">
    <system-out>
      <![CDATA[Testcase passed]]>
    </system-out>
  </testcase> <!-- Login_verify -->
  <testcase classname="amazon1.Project_1.Testcase2_Login_verify_correctUn_Pwd" name="Login_verify" time="12.345">
    <system-out>
      <![CDATA[Testcase passed]]>
    </system-out>
  </testcase> <!-- Login_verify -->
  <system-out>
    <![CDATA[Testcase failed
Testcase failed
Testcase failed
Testcase failed
Testcase failed
Testcase passed
Testcase passed
Testcase passed
Testcase failed
Testcase passed
Testcase passed
Testcase passed
Testcase failed
Testcase passed
Testcase failed
Testcase passed
Testcase failed
Testcase passed
Testcase passed
Testcase passed
Testcase failed
Testcase passed
Testcase passed
Testcase passed
Testcase failed
Testcase passed]]>
  </system-out>
</testsuite> <!-- amazon1.Project_1.Testcase2_Login_verify_correctUn_Pwd -->
